<?xml version="1.0" encoding="UTF-8"?>
<!-- Generated by org.testng.reporters.JUnitReportReporter -->
<testsuite hostname="ZC-Dakshita-Dhaundiyals-MacBook-Pro.local" failures="0" tests="1" name="com.miro.signup.SignUpTest" time="22.058" errors="0" timestamp="2022-02-12T21:07:07 IST" skipped="0">
  <testcase classname="com.miro.signup.SignUpTest" name="signupTest" time="22.058"/>
  <system-out/>
</testsuite> <!-- com.miro.signup.SignUpTest -->
