<?xml version="1.0" encoding="UTF-8"?>
<!-- Generated by org.testng.reporters.JUnitReportReporter -->
<testsuite hostname="ZC-Dakshita-Dhaundiyals-MacBook-Pro.local" failures="0" tests="3" name="com.miro.signup.SignUpNegativeTest" time="38.996" errors="0" timestamp="2022-02-12T21:41:44 IST" skipped="0">
  <testcase classname="com.miro.signup.SignUpNegativeTest" name="emptyUsernameTest" time="17.580"/>
  <system-out/>
  <testcase classname="com.miro.signup.SignUpNegativeTest" name="incorrectEmailTest" time="11.082"/>
  <system-out/>
  <testcase classname="com.miro.signup.SignUpNegativeTest" name="incorrectPasswordTest" time="10.334"/>
  <system-out/>
</testsuite> <!-- com.miro.signup.SignUpNegativeTest -->
